<?xml version="1.0" encoding="UTF-8"?>
<!-- Generated by org.testng.reporters.JUnitReportReporter -->
<testsuite hostname="DynamicsMacBook" failures="0" tests="2" name="seleniumtest.LoginTest" time="37.934" errors="0" timestamp="2024-08-04T17:45:33 WAT" skipped="0">
  <testcase classname="seleniumtest.LoginTest" name="testValidLogin" time="21.367"/>
  <testcase classname="seleniumtest.LoginTest" name="testInvalidLogin" time="16.567"/>
</testsuite> <!-- seleniumtest.LoginTest -->
